mode: atomic
github.com/Serajian/query-builder-GO/qb/delete.go:7.60,13.2 4 3
github.com/Serajian/query-builder-GO/qb/delete.go:15.63,22.28 4 3
github.com/Serajian/query-builder-GO/qb/delete.go:22.28,25.3 2 2
github.com/Serajian/query-builder-GO/qb/delete.go:25.8,25.27 1 1
github.com/Serajian/query-builder-GO/qb/delete.go:25.27,27.3 1 1
github.com/Serajian/query-builder-GO/qb/delete.go:30.2,30.34 1 3
github.com/Serajian/query-builder-GO/qb/delete.go:30.34,33.3 2 1
github.com/Serajian/query-builder-GO/qb/delete.go:34.2,34.38 1 3
github.com/Serajian/query-builder-GO/qb/group_by.go:4.66,7.2 2 1
github.com/Serajian/query-builder-GO/qb/group_by.go:10.93,19.2 3 1
github.com/Serajian/query-builder-GO/qb/insert.go:10.60,15.2 4 12
github.com/Serajian/query-builder-GO/qb/insert.go:19.75,22.2 2 7
github.com/Serajian/query-builder-GO/qb/insert.go:25.77,26.26 1 3
github.com/Serajian/query-builder-GO/qb/insert.go:26.26,28.3 1 1
github.com/Serajian/query-builder-GO/qb/insert.go:29.2,30.11 2 3
github.com/Serajian/query-builder-GO/qb/insert.go:33.63,39.29 4 12
github.com/Serajian/query-builder-GO/qb/insert.go:39.29,40.28 1 3
github.com/Serajian/query-builder-GO/qb/insert.go:40.28,46.36 3 2
github.com/Serajian/query-builder-GO/qb/insert.go:46.36,49.5 2 1
github.com/Serajian/query-builder-GO/qb/insert.go:50.9,53.4 1 1
github.com/Serajian/query-builder-GO/qb/insert.go:54.3,54.39 1 3
github.com/Serajian/query-builder-GO/qb/insert.go:57.2,58.33 2 9
github.com/Serajian/query-builder-GO/qb/insert.go:58.33,60.3 1 16
github.com/Serajian/query-builder-GO/qb/insert.go:61.2,64.33 3 9
github.com/Serajian/query-builder-GO/qb/insert.go:64.33,67.3 2 16
github.com/Serajian/query-builder-GO/qb/insert.go:69.2,79.59 7 9
github.com/Serajian/query-builder-GO/qb/insert.go:79.59,82.3 2 1
github.com/Serajian/query-builder-GO/qb/insert.go:84.2,84.38 1 9
github.com/Serajian/query-builder-GO/qb/insert.go:87.66,88.27 1 11
github.com/Serajian/query-builder-GO/qb/insert.go:88.27,90.3 1 1
github.com/Serajian/query-builder-GO/qb/insert.go:91.2,92.59 1 10
github.com/Serajian/query-builder-GO/qb/insert.go:92.59,94.3 1 6
github.com/Serajian/query-builder-GO/qb/insert.go:96.2,97.33 2 4
github.com/Serajian/query-builder-GO/qb/insert.go:97.33,100.3 2 1
github.com/Serajian/query-builder-GO/qb/insert.go:100.8,100.40 1 3
github.com/Serajian/query-builder-GO/qb/insert.go:100.40,104.3 3 3
github.com/Serajian/query-builder-GO/qb/insert.go:106.2,106.26 1 4
github.com/Serajian/query-builder-GO/qb/insert.go:106.26,109.3 2 2
github.com/Serajian/query-builder-GO/qb/insert.go:111.2,111.35 1 2
github.com/Serajian/query-builder-GO/qb/insert.go:111.35,115.39 3 2
github.com/Serajian/query-builder-GO/qb/insert.go:115.39,117.4 1 4
github.com/Serajian/query-builder-GO/qb/insert.go:118.3,121.28 3 2
github.com/Serajian/query-builder-GO/qb/insert.go:121.28,123.36 2 4
github.com/Serajian/query-builder-GO/qb/insert.go:123.36,125.5 1 2
github.com/Serajian/query-builder-GO/qb/insert.go:125.10,129.5 3 2
github.com/Serajian/query-builder-GO/qb/insert.go:131.3,131.47 1 2
github.com/Serajian/query-builder-GO/qb/join.go:4.69,12.2 3 1
github.com/Serajian/query-builder-GO/qb/join.go:15.73,23.2 3 1
github.com/Serajian/query-builder-GO/qb/join.go:26.74,34.2 3 1
github.com/Serajian/query-builder-GO/qb/on_conflict.go:5.69,9.2 3 4
github.com/Serajian/query-builder-GO/qb/on_conflict.go:12.73,16.2 3 1
github.com/Serajian/query-builder-GO/qb/on_conflict.go:19.61,22.2 2 3
github.com/Serajian/query-builder-GO/qb/on_conflict.go:27.87,28.33 1 4
github.com/Serajian/query-builder-GO/qb/on_conflict.go:28.33,30.3 1 2
github.com/Serajian/query-builder-GO/qb/on_conflict.go:31.2,33.11 3 4
github.com/Serajian/query-builder-GO/qb/on_conflict.go:37.82,38.22 1 1
github.com/Serajian/query-builder-GO/qb/on_conflict.go:38.22,40.3 1 2
github.com/Serajian/query-builder-GO/qb/on_conflict.go:41.2,41.11 1 1
github.com/Serajian/query-builder-GO/qb/order_by.go:4.62,11.2 3 3
github.com/Serajian/query-builder-GO/qb/order_by.go:14.66,21.2 3 2
github.com/Serajian/query-builder-GO/qb/order_by.go:24.56,27.2 2 4
github.com/Serajian/query-builder-GO/qb/order_by.go:30.58,33.2 2 3
github.com/Serajian/query-builder-GO/qb/qb.go:11.28,23.2 1 43
github.com/Serajian/query-builder-GO/qb/qb.go:27.80,31.2 3 39
github.com/Serajian/query-builder-GO/qb/qb.go:36.68,37.23 1 6
github.com/Serajian/query-builder-GO/qb/qb.go:37.23,39.3 1 1
github.com/Serajian/query-builder-GO/qb/qb.go:39.8,41.3 1 5
github.com/Serajian/query-builder-GO/qb/qb.go:42.2,42.11 1 6
github.com/Serajian/query-builder-GO/qb/qb.go:51.57,54.15 3 46
github.com/Serajian/query-builder-GO/qb/qb.go:54.15,54.29 1 46
github.com/Serajian/query-builder-GO/qb/qb.go:56.2,56.22 1 46
github.com/Serajian/query-builder-GO/qb/qb.go:57.14,58.26 1 21
github.com/Serajian/query-builder-GO/qb/qb.go:59.14,60.26 1 12
github.com/Serajian/query-builder-GO/qb/qb.go:61.14,62.26 1 9
github.com/Serajian/query-builder-GO/qb/qb.go:63.14,64.26 1 3
github.com/Serajian/query-builder-GO/qb/qb.go:65.10,66.17 1 1
github.com/Serajian/query-builder-GO/qb/qb.go:72.67,74.2 1 1
github.com/Serajian/query-builder-GO/qb/qb.go:77.47,84.2 4 50
github.com/Serajian/query-builder-GO/qb/qb.go:87.46,90.2 2 1
github.com/Serajian/query-builder-GO/qb/qb.go:94.48,97.2 2 3
github.com/Serajian/query-builder-GO/qb/qb.go:101.35,101.72 1 2
github.com/Serajian/query-builder-GO/qb/qb.go:103.89,104.39 1 21
github.com/Serajian/query-builder-GO/qb/qb.go:104.39,105.12 1 26
github.com/Serajian/query-builder-GO/qb/qb.go:105.12,109.4 3 5
github.com/Serajian/query-builder-GO/qb/qb.go:111.3,111.23 1 26
github.com/Serajian/query-builder-GO/qb/qb.go:112.22,116.43 3 2
github.com/Serajian/query-builder-GO/qb/qb.go:118.16,120.31 2 5
github.com/Serajian/query-builder-GO/qb/qb.go:120.31,121.27 1 3
github.com/Serajian/query-builder-GO/qb/qb.go:121.27,123.6 1 2
github.com/Serajian/query-builder-GO/qb/qb.go:123.11,125.6 1 1
github.com/Serajian/query-builder-GO/qb/qb.go:126.5,126.13 1 3
github.com/Serajian/query-builder-GO/qb/qb.go:129.4,135.29 6 2
github.com/Serajian/query-builder-GO/qb/qb.go:135.29,138.5 2 3
github.com/Serajian/query-builder-GO/qb/qb.go:139.4,140.26 2 2
github.com/Serajian/query-builder-GO/qb/qb.go:142.11,149.58 6 19
github.com/Serajian/query-builder-GO/qb/qb.go:155.46,156.20 1 50
github.com/Serajian/query-builder-GO/qb/qb.go:157.15,159.43 2 46
github.com/Serajian/query-builder-GO/qb/qb.go:160.10,161.13 1 4
github.com/Serajian/query-builder-GO/qb/qb.go:167.61,170.46 3 5
github.com/Serajian/query-builder-GO/qb/qb.go:170.46,172.3 1 1
github.com/Serajian/query-builder-GO/qb/qb.go:174.2,174.47 1 4
github.com/Serajian/query-builder-GO/qb/qb.go:174.47,177.3 1 1
github.com/Serajian/query-builder-GO/qb/qb.go:178.2,179.33 2 3
github.com/Serajian/query-builder-GO/qb/qb.go:179.33,181.3 1 2
github.com/Serajian/query-builder-GO/qb/qb.go:182.2,182.18 1 3
github.com/Serajian/query-builder-GO/qb/select.go:10.65,12.23 2 21
github.com/Serajian/query-builder-GO/qb/select.go:12.23,13.24 1 1
github.com/Serajian/query-builder-GO/qb/select.go:13.24,15.4 1 1
github.com/Serajian/query-builder-GO/qb/select.go:16.8,18.3 1 20
github.com/Serajian/query-builder-GO/qb/select.go:19.2,19.11 1 21
github.com/Serajian/query-builder-GO/qb/select.go:23.58,26.2 2 21
github.com/Serajian/query-builder-GO/qb/select.go:28.63,36.20 4 21
github.com/Serajian/query-builder-GO/qb/select.go:36.20,39.3 2 21
github.com/Serajian/query-builder-GO/qb/select.go:42.2,42.32 1 21
github.com/Serajian/query-builder-GO/qb/select.go:42.32,49.3 6 3
github.com/Serajian/query-builder-GO/qb/select.go:52.2,52.28 1 21
github.com/Serajian/query-builder-GO/qb/select.go:52.28,55.3 2 15
github.com/Serajian/query-builder-GO/qb/select.go:58.2,58.32 1 21
github.com/Serajian/query-builder-GO/qb/select.go:58.32,61.3 2 1
github.com/Serajian/query-builder-GO/qb/select.go:64.2,64.34 1 21
github.com/Serajian/query-builder-GO/qb/select.go:64.34,67.3 2 1
github.com/Serajian/query-builder-GO/qb/select.go:70.2,70.28 1 21
github.com/Serajian/query-builder-GO/qb/select.go:70.28,73.39 3 4
github.com/Serajian/query-builder-GO/qb/select.go:73.39,74.18 1 5
github.com/Serajian/query-builder-GO/qb/select.go:74.18,76.5 1 2
github.com/Serajian/query-builder-GO/qb/select.go:76.10,78.5 1 3
github.com/Serajian/query-builder-GO/qb/select.go:80.3,80.52 1 4
github.com/Serajian/query-builder-GO/qb/select.go:84.2,84.21 1 21
github.com/Serajian/query-builder-GO/qb/select.go:84.21,86.3 1 4
github.com/Serajian/query-builder-GO/qb/select.go:89.2,89.22 1 21
github.com/Serajian/query-builder-GO/qb/select.go:89.22,91.3 1 3
github.com/Serajian/query-builder-GO/qb/select.go:93.2,93.38 1 21
github.com/Serajian/query-builder-GO/qb/update.go:10.60,15.2 4 9
github.com/Serajian/query-builder-GO/qb/update.go:18.83,19.26 1 10
github.com/Serajian/query-builder-GO/qb/update.go:19.26,21.3 1 1
github.com/Serajian/query-builder-GO/qb/update.go:22.2,23.11 2 10
github.com/Serajian/query-builder-GO/qb/update.go:26.63,35.31 6 9
github.com/Serajian/query-builder-GO/qb/update.go:35.31,37.3 1 10
github.com/Serajian/query-builder-GO/qb/update.go:38.2,41.30 3 9
github.com/Serajian/query-builder-GO/qb/update.go:41.30,44.3 2 10
github.com/Serajian/query-builder-GO/qb/update.go:45.2,48.28 2 9
github.com/Serajian/query-builder-GO/qb/update.go:48.28,51.3 2 3
github.com/Serajian/query-builder-GO/qb/update.go:51.8,51.27 1 6
github.com/Serajian/query-builder-GO/qb/update.go:51.27,53.3 1 4
github.com/Serajian/query-builder-GO/qb/update.go:56.2,56.34 1 9
github.com/Serajian/query-builder-GO/qb/update.go:56.34,59.3 2 2
github.com/Serajian/query-builder-GO/qb/update.go:61.2,61.38 1 9
github.com/Serajian/query-builder-GO/qb/where.go:4.92,13.2 3 24
github.com/Serajian/query-builder-GO/qb/where.go:16.94,25.2 3 1
github.com/Serajian/query-builder-GO/qb/where.go:28.81,30.2 1 4
github.com/Serajian/query-builder-GO/qb/where.go:33.84,35.2 1 1
github.com/Serajian/query-builder-GO/qb/where.go:38.73,40.2 1 1
github.com/Serajian/query-builder-GO/qb/where.go:43.76,45.2 1 1
github.com/Serajian/query-builder-GO/qb/where.go:48.64,50.2 1 1
github.com/Serajian/query-builder-GO/qb/where.go:53.67,55.2 1 1
